<?xml version="1.0" encoding="UTF-8"?>
<!-- Generated by org.testng.reporters.JUnitReportReporter -->
<testsuite skipped="0" hostname="IN01N02824" name="com.application.testsuites.JavaScriptsAlertsPage" tests="4" failures="0" timestamp="2021-02-18T10:26:48 IST" time="1.428" errors="0">
  <testcase name="verifyAlertBox" time="0.083" classname="com.application.testsuites.JavaScriptsAlertsPage"/>
  <system-out/>
  <testcase name="verifyPromptBox" time="0.260" classname="com.application.testsuites.JavaScriptsAlertsPage"/>
  <system-out/>
  <testcase name="navigate_JavascriptAlertPage" time="0.984" classname="com.application.testsuites.JavaScriptsAlertsPage"/>
  <system-out/>
  <testcase name="verifyConfirmBox" time="0.101" classname="com.application.testsuites.JavaScriptsAlertsPage"/>
  <system-out/>
</testsuite> <!-- com.application.testsuites.JavaScriptsAlertsPage -->
