<?xml version="1.0" encoding="UTF-8"?>
<!-- Generated by org.testng.reporters.JUnitReportReporter -->
<testsuite skipped="0" hostname="IN01N02824" name="com.application.testsuites.SelectDropdownPage" tests="1" failures="0" timestamp="2021-02-18T10:26:48 IST" time="2.572" errors="0">
  <testcase name="selectDropdown" time="2.572" classname="com.application.testsuites.SelectDropdownPage"/>
  <system-out/>
</testsuite> <!-- com.application.testsuites.SelectDropdownPage -->
