<?xml version="1.0" encoding="UTF-8"?>
<!-- Generated by org.testng.reporters.JUnitReportReporter -->
<testsuite skipped="0" hostname="IN01N02824" name="com.application.testsuites.SelectDropdownPage" tests="1" failures="0" timestamp="2021-03-08T16:13:44 IST" time="8.692" errors="0">
  <testcase name="selectDropdown" time="8.692" classname="com.application.testsuites.SelectDropdownPage"/>
  <system-out/>
</testsuite> <!-- com.application.testsuites.SelectDropdownPage -->
