<?xml version="1.0" encoding="UTF-8"?>
<!-- Generated by org.testng.reporters.JUnitReportReporter -->
<testsuite skipped="0" hostname="IN01N02824" name="com.application.testsuites.JavaScriptsAlertsPage" tests="4" failures="0" timestamp="2021-03-08T16:13:44 IST" time="3.638" errors="0">
  <testcase name="verifyAlertBox" time="0.393" classname="com.application.testsuites.JavaScriptsAlertsPage"/>
  <system-out/>
  <testcase name="verifyConfirmBox" time="0.736" classname="com.application.testsuites.JavaScriptsAlertsPage"/>
  <system-out/>
  <testcase name="navigate_JavascriptAlertPage" time="1.421" classname="com.application.testsuites.JavaScriptsAlertsPage"/>
  <system-out/>
  <testcase name="verifyPromptBox" time="1.088" classname="com.application.testsuites.JavaScriptsAlertsPage"/>
  <system-out/>
</testsuite> <!-- com.application.testsuites.JavaScriptsAlertsPage -->
