<?xml version="1.0" encoding="UTF-8"?>
<!-- Generated by org.testng.reporters.JUnitReportReporter -->
<testsuite skipped="0" hostname="IN01N02824" name="com.application.testsuites.JavaScriptsAlertsPage" tests="4" failures="0" timestamp="2021-02-14T14:15:19 IST" time="1.250" errors="0">
  <testcase name="navigate_JavascriptAlertPage" time="0.910" classname="com.application.testsuites.JavaScriptsAlertsPage"/>
  <system-out/>
  <testcase name="verifyConfirmBox" time="0.086" classname="com.application.testsuites.JavaScriptsAlertsPage"/>
  <system-out/>
  <testcase name="verifyAlertBox" time="0.073" classname="com.application.testsuites.JavaScriptsAlertsPage"/>
  <system-out/>
  <testcase name="verifyPromptBox" time="0.181" classname="com.application.testsuites.JavaScriptsAlertsPage"/>
  <system-out/>
</testsuite> <!-- com.application.testsuites.JavaScriptsAlertsPage -->
